<?xml version="1.0" encoding="UTF-8"?>
<testng-results skipped="0" failed="0" ignored="0" total="1" passed="1">
  <reporter-output>
  </reporter-output>
  <suite name="Default suite" duration-ms="43997" started-at="2020-12-07T17:43:38 IST" finished-at="2020-12-07T17:44:22 IST">
    <groups>
    </groups>
    <test name="Default test" duration-ms="43997" started-at="2020-12-07T17:43:38 IST" finished-at="2020-12-07T17:44:22 IST">
      <class name="Framework.Appium.AppTest">
        <test-method status="PASS" signature="SouthwestLaunch()[pri:0, instance:Framework.Appium.AppTest@396f6598]" name="SouthwestLaunch" duration-ms="43932" started-at="2020-12-07T17:43:38 IST" finished-at="2020-12-07T17:44:22 IST">
          <reporter-output>
          </reporter-output>
        </test-method> <!-- SouthwestLaunch -->
      </class> <!-- Framework.Appium.AppTest -->
    </test> <!-- Default test -->
  </suite> <!-- Default suite -->
</testng-results>
